<?xml version="1.0" encoding="UTF-8"?>
<!-- Generated by org.testng.reporters.JUnitReportReporter -->
<testsuite hostname="DESKTOP-A56GNUH" failures="0" tests="1" name="qa.com.ApiTesting.NestedJsonParsing" time="2.865" errors="0" timestamp="2020-07-17T00:22:00 EDT" skipped="0">
  <testcase classname="qa.com.ApiTesting.NestedJsonParsing" name="SumOfCourses" time="2.865"/>
  <system-out/>
</testsuite> <!-- qa.com.ApiTesting.NestedJsonParsing -->
